<?xml version="1.0" encoding="UTF-8"?>
<testng-results ignored="0" total="1" passed="1" failed="0" skipped="0">
  <reporter-output>
  </reporter-output>
  <suite started-at="2022-07-05T18:41:42 IST" name="Test-Suite" finished-at="2022-07-05T18:41:58 IST" duration-ms="15838">
    <groups>
    </groups>
    <test started-at="2022-07-05T18:41:42 IST" name="Sanity Test" finished-at="2022-07-05T18:41:58 IST" duration-ms="15838">
      <class name="testcases.LoginPageTest">
        <test-method is-config="true" signature="setUp()[pri:0, instance:testcases.LoginPageTest@6631f5ca]" started-at="2022-07-05T18:41:42 IST" name="setUp" finished-at="2022-07-05T18:41:51 IST" duration-ms="8572" status="PASS">
          <reporter-output>
          </reporter-output>
        </test-method> <!-- setUp -->
        <test-method signature="LoginPageGetTitle()[pri:0, instance:testcases.LoginPageTest@6631f5ca]" started-at="2022-07-05T18:41:51 IST" name="LoginPageGetTitle" finished-at="2022-07-05T18:41:57 IST" duration-ms="6515" status="PASS">
          <reporter-output>
          </reporter-output>
        </test-method> <!-- LoginPageGetTitle -->
        <test-method is-config="true" signature="tearnDown()[pri:0, instance:testcases.LoginPageTest@6631f5ca]" started-at="2022-07-05T18:41:57 IST" name="tearnDown" finished-at="2022-07-05T18:41:58 IST" duration-ms="721" status="PASS">
          <reporter-output>
          </reporter-output>
        </test-method> <!-- tearnDown -->
      </class> <!-- testcases.LoginPageTest -->
    </test> <!-- Sanity Test -->
  </suite> <!-- Test-Suite -->
</testng-results>
